e:\graphics\hw3\final_project\final_project\x64\debug\vc142.pdb
e:\graphics\hw3\final_project\final_project\x64\debug\vc142.idb
e:\graphics\hw3\final_project\final_project\x64\debug\stb_image.obj
e:\graphics\hw3\final_project\final_project\x64\debug\source.obj
e:\graphics\hw3\final_project\final_project\x64\debug\shader.obj
e:\graphics\hw3\final_project\final_project\x64\debug\pyramidobject.obj
e:\graphics\hw3\final_project\final_project\x64\debug\positionorientedobject.obj
e:\graphics\hw3\final_project\final_project\x64\debug\main.obj
e:\graphics\hw3\final_project\final_project\x64\debug\ifunctionalobject.obj
e:\graphics\hw3\final_project\final_project\x64\debug\graphicdevice.obj
e:\graphics\hw3\final_project\final_project\x64\debug\gameobject.obj
e:\graphics\hw3\final_project\final_project\x64\debug\cubeobject.obj
e:\graphics\hw3\final_project\final_project\x64\debug\camera.obj
e:\graphics\hw3\final_project\final_project\x64\debug\prismobject.obj
e:\graphics\hw3\final_project\final_project\x64\debug\glad.obj
e:\graphics\hw3\final_project\x64\debug\final_project.exe
e:\graphics\hw3\final_project\x64\debug\final_project.ilk
e:\graphics\hw3\final_project\x64\debug\final_project.pdb
e:\graphics\hw3\final_project\final_project\x64\debug\final_project.tlog\cl.command.1.tlog
e:\graphics\hw3\final_project\final_project\x64\debug\final_project.tlog\cl.read.1.tlog
e:\graphics\hw3\final_project\final_project\x64\debug\final_project.tlog\cl.write.1.tlog
e:\graphics\hw3\final_project\final_project\x64\debug\final_project.tlog\link.command.1.tlog
e:\graphics\hw3\final_project\final_project\x64\debug\final_project.tlog\link.read.1.tlog
e:\graphics\hw3\final_project\final_project\x64\debug\final_project.tlog\link.write.1.tlog
